d:\whut-leslie\数据结构实验\llk\lianliankan\x64\debug\lianliankan.pch
d:\whut-leslie\数据结构实验\llk\lianliankan\x64\debug\vc142.pdb
d:\whut-leslie\数据结构实验\llk\lianliankan\x64\debug\vc142.idb
d:\whut-leslie\数据结构实验\llk\lianliankan\x64\debug\stdafx.obj
d:\whut-leslie\数据结构实验\llk\lianliankan\x64\debug\llkdlg.obj
d:\whut-leslie\数据结构实验\llk\lianliankan\x64\debug\lianliankan.obj
d:\whut-leslie\数据结构实验\llk\lianliankan\x64\debug\gamelogic.obj
d:\whut-leslie\数据结构实验\llk\lianliankan\x64\debug\gamehelp.obj
d:\whut-leslie\数据结构实验\llk\lianliankan\x64\debug\gameexception.obj
d:\whut-leslie\数据结构实验\llk\lianliankan\x64\debug\gamedlg.obj
d:\whut-leslie\数据结构实验\llk\lianliankan\x64\debug\gamecontrol.obj
d:\whut-leslie\数据结构实验\llk\lianliankan\x64\debug\dlgproxy.obj
d:\whut-leslie\数据结构实验\llk\x64\debug\lianliankan.ilk
d:\whut-leslie\数据结构实验\llk\x64\debug\lianliankan.exe
d:\whut-leslie\数据结构实验\llk\x64\debug\lianliankan.pdb
d:\whut-leslie\数据结构实验\llk\lianliankan\x64\debug\lianliankan.tlb
d:\whut-leslie\数据结构实验\llk\lianliankan\lianliankan_i.c
d:\whut-leslie\数据结构实验\llk\lianliankan\lianliankan_h.h
d:\whut-leslie\数据结构实验\llk\lianliankan\x64\debug\lianliankan.res
d:\whut-leslie\数据结构实验\llk\lianliankan\x64\debug\lianliankan.tlog\cl.command.1.tlog
d:\whut-leslie\数据结构实验\llk\lianliankan\x64\debug\lianliankan.tlog\cl.read.1.tlog
d:\whut-leslie\数据结构实验\llk\lianliankan\x64\debug\lianliankan.tlog\cl.write.1.tlog
d:\whut-leslie\数据结构实验\llk\lianliankan\x64\debug\lianliankan.tlog\link.command.1.tlog
d:\whut-leslie\数据结构实验\llk\lianliankan\x64\debug\lianliankan.tlog\link.read.1.tlog
d:\whut-leslie\数据结构实验\llk\lianliankan\x64\debug\lianliankan.tlog\link.write.1.tlog
d:\whut-leslie\数据结构实验\llk\lianliankan\x64\debug\lianliankan.tlog\midl.command.1.tlog
d:\whut-leslie\数据结构实验\llk\lianliankan\x64\debug\lianliankan.tlog\midl.read.1.tlog
d:\whut-leslie\数据结构实验\llk\lianliankan\x64\debug\lianliankan.tlog\midl.write.1.tlog
d:\whut-leslie\数据结构实验\llk\lianliankan\x64\debug\lianliankan.tlog\rc.command.1.tlog
d:\whut-leslie\数据结构实验\llk\lianliankan\x64\debug\lianliankan.tlog\rc.read.1.tlog
d:\whut-leslie\数据结构实验\llk\lianliankan\x64\debug\lianliankan.tlog\rc.write.1.tlog
